{"/home/cdooley/Documents/2021_Spring/SoftwareDesign/SoftwareDesignGroup23/fuel-quote-app/server/tests/test.user-schema.js":{"path":"/home/cdooley/Documents/2021_Spring/SoftwareDesign/SoftwareDesignGroup23/fuel-quote-app/server/tests/test.user-schema.js","s":{"1":1,"2":1,"3":1,"4":1,"5":0,"6":0,"7":0,"8":0,"9":0,"10":0,"11":0,"12":0,"13":0,"14":0,"15":0,"16":0,"17":0,"18":0,"19":0,"20":0,"21":0,"22":0,"23":0,"24":0,"25":0,"26":0,"27":0},"b":{},"f":{"1":0,"2":0,"3":0,"4":0,"5":0,"6":0,"7":0},"fnMap":{"1":{"name":"(anonymous_1)","line":5,"loc":{"start":{"line":5,"column":19},"end":{"line":5,"column":30}}},"2":{"name":"(anonymous_2)","line":8,"loc":{"start":{"line":8,"column":15},"end":{"line":8,"column":30}}},"3":{"name":"(anonymous_3)","line":20,"loc":{"start":{"line":20,"column":14},"end":{"line":20,"column":29}}},"4":{"name":"(anonymous_4)","line":25,"loc":{"start":{"line":25,"column":26},"end":{"line":25,"column":37}}},"5":{"name":"(anonymous_5)","line":27,"loc":{"start":{"line":27,"column":61},"end":{"line":27,"column":76}}},"6":{"name":"(anonymous_6)","line":36,"loc":{"start":{"line":36,"column":67},"end":{"line":36,"column":82}}},"7":{"name":"(anonymous_7)","line":41,"loc":{"start":{"line":41,"column":22},"end":{"line":41,"column":36}}}},"statementMap":{"1":{"start":{"line":1,"column":0},"end":{"line":1,"column":35}},"2":{"start":{"line":2,"column":0},"end":{"line":2,"column":37}},"3":{"start":{"line":3,"column":0},"end":{"line":3,"column":35}},"4":{"start":{"line":5,"column":0},"end":{"line":63,"column":3}},"5":{"start":{"line":6,"column":4},"end":{"line":6,"column":13}},"6":{"start":{"line":8,"column":4},"end":{"line":18,"column":7}},"7":{"start":{"line":9,"column":8},"end":{"line":9,"column":143}},"8":{"start":{"line":10,"column":8},"end":{"line":17,"column":11}},"9":{"start":{"line":11,"column":12},"end":{"line":11,"column":50}},"10":{"start":{"line":13,"column":12},"end":{"line":13,"column":62}},"11":{"start":{"line":15,"column":12},"end":{"line":15,"column":42}},"12":{"start":{"line":16,"column":12},"end":{"line":16,"column":19}},"13":{"start":{"line":20,"column":4},"end":{"line":23,"column":7}},"14":{"start":{"line":21,"column":8},"end":{"line":21,"column":30}},"15":{"start":{"line":22,"column":8},"end":{"line":22,"column":15}},"16":{"start":{"line":25,"column":4},"end":{"line":61,"column":3}},"17":{"start":{"line":27,"column":8},"end":{"line":34,"column":11}},"18":{"start":{"line":28,"column":12},"end":{"line":28,"column":51}},"19":{"start":{"line":29,"column":12},"end":{"line":33,"column":14}},"20":{"start":{"line":30,"column":16},"end":{"line":30,"column":38}},"21":{"start":{"line":31,"column":16},"end":{"line":31,"column":37}},"22":{"start":{"line":32,"column":16},"end":{"line":32,"column":23}},"23":{"start":{"line":36,"column":8},"end":{"line":47,"column":11}},"24":{"start":{"line":37,"column":12},"end":{"line":40,"column":15}},"25":{"start":{"line":41,"column":12},"end":{"line":46,"column":15}},"26":{"start":{"line":42,"column":16},"end":{"line":43,"column":46}},"27":{"start":{"line":45,"column":16},"end":{"line":45,"column":23}}},"branchMap":{}}}