{"C:\\Users\\Henderson Hua\\Documents\\GitHub\\SoftwareDesignGroup23\\fuel-quote-app\\server\\tests\\test.user-schema.js":{"path":"C:\\Users\\Henderson Hua\\Documents\\GitHub\\SoftwareDesignGroup23\\fuel-quote-app\\server\\tests\\test.user-schema.js","s":{"1":1,"2":1,"3":1,"4":1,"5":0,"6":0,"7":0,"8":0,"9":0,"10":0,"11":0,"12":0,"13":0,"14":0,"15":0,"16":0,"17":0,"18":0,"19":0,"20":0,"21":0,"22":0,"23":0,"24":0,"25":0,"26":0,"27":0,"28":0,"29":0,"30":0,"31":0,"32":0,"33":0,"34":0,"35":0,"36":0,"37":0,"38":0,"39":0,"40":0,"41":0,"42":0,"43":0,"44":0,"45":0,"46":0,"47":0,"48":0,"49":0,"50":0,"51":0,"52":0,"53":0,"54":0,"55":0,"56":0,"57":0,"58":0,"59":0,"60":0,"61":0,"62":0,"63":0,"64":0,"65":0,"66":0,"67":0,"68":0,"69":0,"70":0,"71":0,"72":0,"73":0,"74":0,"75":0,"76":0,"77":0,"78":0,"79":0,"80":0,"81":0,"82":0},"b":{},"f":{"1":0,"2":0,"3":0,"4":0,"5":0,"6":0,"7":0,"8":0,"9":0,"10":0,"11":0,"12":0,"13":0,"14":0,"15":0,"16":0,"17":0,"18":0,"19":0,"20":0,"21":0,"22":0,"23":0,"24":0,"25":0},"fnMap":{"1":{"name":"(anonymous_1)","line":5,"loc":{"start":{"line":5,"column":19},"end":{"line":5,"column":30}}},"2":{"name":"(anonymous_2)","line":8,"loc":{"start":{"line":8,"column":15},"end":{"line":8,"column":30}}},"3":{"name":"(anonymous_3)","line":20,"loc":{"start":{"line":20,"column":14},"end":{"line":20,"column":29}}},"4":{"name":"(anonymous_4)","line":25,"loc":{"start":{"line":25,"column":26},"end":{"line":25,"column":37}}},"5":{"name":"(anonymous_5)","line":27,"loc":{"start":{"line":27,"column":61},"end":{"line":27,"column":76}}},"6":{"name":"(anonymous_6)","line":36,"loc":{"start":{"line":36,"column":50},"end":{"line":36,"column":65}}},"7":{"name":"(anonymous_7)","line":44,"loc":{"start":{"line":44,"column":82},"end":{"line":44,"column":97}}},"8":{"name":"(anonymous_8)","line":48,"loc":{"start":{"line":48,"column":22},"end":{"line":48,"column":36}}},"9":{"name":"(anonymous_9)","line":55,"loc":{"start":{"line":55,"column":48},"end":{"line":55,"column":63}}},"10":{"name":"(anonymous_10)","line":59,"loc":{"start":{"line":59,"column":22},"end":{"line":59,"column":36}}},"11":{"name":"(anonymous_11)","line":67,"loc":{"start":{"line":67,"column":82},"end":{"line":67,"column":97}}},"12":{"name":"(anonymous_12)","line":72,"loc":{"start":{"line":72,"column":22},"end":{"line":72,"column":36}}},"13":{"name":"(anonymous_13)","line":79,"loc":{"start":{"line":79,"column":83},"end":{"line":79,"column":98}}},"14":{"name":"(anonymous_14)","line":86,"loc":{"start":{"line":86,"column":22},"end":{"line":86,"column":36}}},"15":{"name":"(anonymous_15)","line":93,"loc":{"start":{"line":93,"column":75},"end":{"line":93,"column":90}}},"16":{"name":"(anonymous_16)","line":97,"loc":{"start":{"line":97,"column":22},"end":{"line":97,"column":36}}},"17":{"name":"(anonymous_17)","line":104,"loc":{"start":{"line":104,"column":54},"end":{"line":104,"column":69}}},"18":{"name":"(anonymous_18)","line":108,"loc":{"start":{"line":108,"column":22},"end":{"line":108,"column":36}}},"19":{"name":"(anonymous_19)","line":115,"loc":{"start":{"line":115,"column":81},"end":{"line":115,"column":96}}},"20":{"name":"(anonymous_20)","line":119,"loc":{"start":{"line":119,"column":22},"end":{"line":119,"column":36}}},"21":{"name":"(anonymous_21)","line":126,"loc":{"start":{"line":126,"column":52},"end":{"line":126,"column":67}}},"22":{"name":"(anonymous_22)","line":130,"loc":{"start":{"line":130,"column":22},"end":{"line":130,"column":36}}},"23":{"name":"(anonymous_23)","line":137,"loc":{"start":{"line":137,"column":89},"end":{"line":137,"column":104}}},"24":{"name":"(anonymous_24)","line":147,"loc":{"start":{"line":147,"column":22},"end":{"line":147,"column":36}}},"25":{"name":"(anonymous_25)","line":160,"loc":{"start":{"line":160,"column":46},"end":{"line":160,"column":61}}}},"statementMap":{"1":{"start":{"line":1,"column":0},"end":{"line":1,"column":35}},"2":{"start":{"line":2,"column":0},"end":{"line":2,"column":37}},"3":{"start":{"line":3,"column":0},"end":{"line":3,"column":35}},"4":{"start":{"line":5,"column":0},"end":{"line":174,"column":3}},"5":{"start":{"line":6,"column":4},"end":{"line":6,"column":13}},"6":{"start":{"line":8,"column":4},"end":{"line":18,"column":7}},"7":{"start":{"line":9,"column":8},"end":{"line":9,"column":143}},"8":{"start":{"line":10,"column":8},"end":{"line":17,"column":11}},"9":{"start":{"line":11,"column":12},"end":{"line":11,"column":50}},"10":{"start":{"line":13,"column":12},"end":{"line":13,"column":62}},"11":{"start":{"line":15,"column":12},"end":{"line":15,"column":42}},"12":{"start":{"line":16,"column":12},"end":{"line":16,"column":19}},"13":{"start":{"line":20,"column":4},"end":{"line":23,"column":7}},"14":{"start":{"line":21,"column":8},"end":{"line":21,"column":30}},"15":{"start":{"line":22,"column":8},"end":{"line":22,"column":15}},"16":{"start":{"line":25,"column":4},"end":{"line":172,"column":3}},"17":{"start":{"line":27,"column":8},"end":{"line":34,"column":11}},"18":{"start":{"line":28,"column":12},"end":{"line":28,"column":51}},"19":{"start":{"line":29,"column":12},"end":{"line":33,"column":14}},"20":{"start":{"line":30,"column":16},"end":{"line":30,"column":38}},"21":{"start":{"line":31,"column":16},"end":{"line":31,"column":37}},"22":{"start":{"line":32,"column":16},"end":{"line":32,"column":23}},"23":{"start":{"line":36,"column":8},"end":{"line":42,"column":12}},"24":{"start":{"line":37,"column":12},"end":{"line":40,"column":15}},"25":{"start":{"line":41,"column":12},"end":{"line":41,"column":28}},"26":{"start":{"line":44,"column":9},"end":{"line":53,"column":12}},"27":{"start":{"line":45,"column":12},"end":{"line":47,"column":15}},"28":{"start":{"line":48,"column":12},"end":{"line":52,"column":17}},"29":{"start":{"line":49,"column":16},"end":{"line":49,"column":87}},"30":{"start":{"line":51,"column":16},"end":{"line":51,"column":23}},"31":{"start":{"line":55,"column":9},"end":{"line":65,"column":12}},"32":{"start":{"line":56,"column":12},"end":{"line":58,"column":15}},"33":{"start":{"line":59,"column":12},"end":{"line":64,"column":17}},"34":{"start":{"line":60,"column":16},"end":{"line":61,"column":44}},"35":{"start":{"line":63,"column":16},"end":{"line":63,"column":23}},"36":{"start":{"line":67,"column":9},"end":{"line":77,"column":12}},"37":{"start":{"line":68,"column":12},"end":{"line":71,"column":15}},"38":{"start":{"line":72,"column":12},"end":{"line":76,"column":17}},"39":{"start":{"line":73,"column":16},"end":{"line":73,"column":87}},"40":{"start":{"line":75,"column":16},"end":{"line":75,"column":23}},"41":{"start":{"line":79,"column":9},"end":{"line":91,"column":12}},"42":{"start":{"line":80,"column":12},"end":{"line":85,"column":15}},"43":{"start":{"line":86,"column":12},"end":{"line":90,"column":17}},"44":{"start":{"line":87,"column":16},"end":{"line":87,"column":88}},"45":{"start":{"line":89,"column":16},"end":{"line":89,"column":23}},"46":{"start":{"line":93,"column":9},"end":{"line":102,"column":12}},"47":{"start":{"line":94,"column":12},"end":{"line":96,"column":15}},"48":{"start":{"line":97,"column":12},"end":{"line":101,"column":17}},"49":{"start":{"line":98,"column":16},"end":{"line":98,"column":84}},"50":{"start":{"line":100,"column":16},"end":{"line":100,"column":23}},"51":{"start":{"line":104,"column":9},"end":{"line":113,"column":12}},"52":{"start":{"line":105,"column":12},"end":{"line":107,"column":15}},"53":{"start":{"line":108,"column":12},"end":{"line":112,"column":17}},"54":{"start":{"line":109,"column":16},"end":{"line":109,"column":55}},"55":{"start":{"line":111,"column":16},"end":{"line":111,"column":23}},"56":{"start":{"line":115,"column":9},"end":{"line":124,"column":12}},"57":{"start":{"line":116,"column":12},"end":{"line":118,"column":15}},"58":{"start":{"line":119,"column":12},"end":{"line":123,"column":17}},"59":{"start":{"line":120,"column":16},"end":{"line":120,"column":88}},"60":{"start":{"line":122,"column":16},"end":{"line":122,"column":23}},"61":{"start":{"line":126,"column":9},"end":{"line":135,"column":12}},"62":{"start":{"line":127,"column":12},"end":{"line":129,"column":15}},"63":{"start":{"line":130,"column":12},"end":{"line":134,"column":17}},"64":{"start":{"line":131,"column":16},"end":{"line":131,"column":85}},"65":{"start":{"line":133,"column":16},"end":{"line":133,"column":23}},"66":{"start":{"line":137,"column":9},"end":{"line":158,"column":12}},"67":{"start":{"line":138,"column":12},"end":{"line":146,"column":15}},"68":{"start":{"line":147,"column":12},"end":{"line":157,"column":17}},"69":{"start":{"line":148,"column":16},"end":{"line":148,"column":87}},"70":{"start":{"line":149,"column":16},"end":{"line":149,"column":87}},"71":{"start":{"line":150,"column":16},"end":{"line":150,"column":88}},"72":{"start":{"line":151,"column":16},"end":{"line":151,"column":88}},"73":{"start":{"line":152,"column":16},"end":{"line":152,"column":84}},"74":{"start":{"line":153,"column":16},"end":{"line":153,"column":55}},"75":{"start":{"line":154,"column":16},"end":{"line":154,"column":85}},"76":{"start":{"line":156,"column":16},"end":{"line":156,"column":23}},"77":{"start":{"line":160,"column":8},"end":{"line":170,"column":7}},"78":{"start":{"line":161,"column":12},"end":{"line":161,"column":51}},"79":{"start":{"line":162,"column":12},"end":{"line":167,"column":9}},"80":{"start":{"line":163,"column":16},"end":{"line":163,"column":38}},"81":{"start":{"line":164,"column":16},"end":{"line":164,"column":37}},"82":{"start":{"line":165,"column":16},"end":{"line":165,"column":23}}},"branchMap":{}}}