TN:
SF:/home/cdooley/Documents/2021_Spring/SoftwareDesign/SoftwareDesignGroup23/fuel-quote-app/server/tests/test.user-schema.js
FN:5,(anonymous_1)
FN:8,(anonymous_2)
FN:20,(anonymous_3)
FN:25,(anonymous_4)
FN:27,(anonymous_5)
FN:36,(anonymous_6)
FN:41,(anonymous_7)
FNF:7
FNH:0
FNDA:0,(anonymous_1)
FNDA:0,(anonymous_2)
FNDA:0,(anonymous_3)
FNDA:0,(anonymous_4)
FNDA:0,(anonymous_5)
FNDA:0,(anonymous_6)
FNDA:0,(anonymous_7)
DA:1,1
DA:2,1
DA:3,1
DA:5,1
DA:6,0
DA:8,0
DA:9,0
DA:10,0
DA:11,0
DA:13,0
DA:15,0
DA:16,0
DA:20,0
DA:21,0
DA:22,0
DA:25,0
DA:27,0
DA:28,0
DA:29,0
DA:30,0
DA:31,0
DA:32,0
DA:36,0
DA:37,0
DA:41,0
DA:42,0
DA:45,0
LF:27
LH:4
BRF:0
BRH:0
end_of_record
